<?xml version="1.0" encoding="UTF-8"?>
<!-- Generated by org.testng.reporters.JUnitReportReporter -->
<testsuite hostname="DESKTOP-HUJITDM" failures="0" tests="1" name="CrossBrowserTesting.CrossBrowserTestingAllBrowser" time="69.706" errors="0" timestamp="2024-04-26T18:28:06 IST" skipped="0">
  <testcase classname="CrossBrowserTesting.CrossBrowserTestingAllBrowser" name="BrowserTest" time="69.706"/>
  <system-out/>
</testsuite> <!-- CrossBrowserTesting.CrossBrowserTestingAllBrowser -->
